2020-01-12 13:15:16 [scrapy.utils.log] INFO: Scrapy 1.8.0 started (bot: lwscrapy)
2020-01-12 13:15:16 [scrapy.utils.log] INFO: Versions: lxml 4.4.1.0, libxml2 2.9.9, cssselect 1.1.0, parsel 1.5.2, w3lib 1.21.0, Twisted 19.10.0, Python 3.7.4 (v3.7.4:e09359112e, Jul  8 2019, 14:54:52) - [Clang 6.0 (clang-600.0.57)], pyOpenSSL 19.1.0 (OpenSSL 1.1.1d  10 Sep 2019), cryptography 2.8, Platform Darwin-18.7.0-x86_64-i386-64bit
2020-01-12 13:15:16 [scrapy.crawler] INFO: Overridden settings: {'BOT_NAME': 'lwscrapy', 'CLOSESPIDER_PAGECOUNT': 1000, 'DOWNLOAD_DELAY': 2, 'DUPEFILTER_CLASS': 'scrapy_splash.SplashAwareDupeFilter', 'FEED_EXPORT_ENCODING': 'utf-8', 'HTTPCACHE_STORAGE': 'scrapy_splash.SplashAwareFSCacheStorage', 'LOG_FILE': 'medicaldataspider.log', 'LOG_LEVEL': 'INFO', 'NEWSPIDER_MODULE': 'lwscrapy.spiders', 'SPIDER_MODULES': ['lwscrapy.spiders'], 'USER_AGENT': 'Mozilla/5.0 (Macintosh; Intel Mac OS X 10_10_5) AppleWebKit/537.36 (KHTML, like Gecko) Chrome/55.0.2883.95 Safari/537.36'}
2020-01-12 13:15:16 [scrapy.extensions.telnet] INFO: Telnet Password: 57dad50441d1d4d0
2020-01-12 13:15:16 [scrapy.middleware] INFO: Enabled extensions:
['scrapy.extensions.corestats.CoreStats',
 'scrapy.extensions.telnet.TelnetConsole',
 'scrapy.extensions.memusage.MemoryUsage',
 'scrapy.extensions.closespider.CloseSpider',
 'scrapy.extensions.logstats.LogStats']
2020-01-12 13:15:16 [scrapy.middleware] INFO: Enabled downloader middlewares:
['scrapy.downloadermiddlewares.httpauth.HttpAuthMiddleware',
 'scrapy.downloadermiddlewares.downloadtimeout.DownloadTimeoutMiddleware',
 'scrapy.downloadermiddlewares.defaultheaders.DefaultHeadersMiddleware',
 'scrapy.downloadermiddlewares.useragent.UserAgentMiddleware',
 'scrapy.downloadermiddlewares.retry.RetryMiddleware',
 'scrapy.downloadermiddlewares.redirect.MetaRefreshMiddleware',
 'scrapy.downloadermiddlewares.redirect.RedirectMiddleware',
 'scrapy.downloadermiddlewares.cookies.CookiesMiddleware',
 'scrapy_splash.SplashCookiesMiddleware',
 'scrapy_splash.SplashMiddleware',
 'scrapy.downloadermiddlewares.httpproxy.HttpProxyMiddleware',
 'scrapy.downloadermiddlewares.httpcompression.HttpCompressionMiddleware',
 'scrapy.downloadermiddlewares.stats.DownloaderStats']
2020-01-12 13:15:16 [scrapy.middleware] INFO: Enabled spider middlewares:
['scrapy.spidermiddlewares.httperror.HttpErrorMiddleware',
 'scrapy_splash.SplashDeduplicateArgsMiddleware',
 'scrapy.spidermiddlewares.offsite.OffsiteMiddleware',
 'scrapy.spidermiddlewares.referer.RefererMiddleware',
 'scrapy.spidermiddlewares.urllength.UrlLengthMiddleware',
 'scrapy.spidermiddlewares.depth.DepthMiddleware']
2020-01-12 13:15:16 [scrapy.middleware] INFO: Enabled item pipelines:
['lwscrapy.pipelines.lwJDPipelines',
 'lwscrapy.pipelines.lwTianMaoPipelines',
 'lwscrapy.pipelines.LwscrapyPipeline',
 'lwscrapy.pipelines.ImagesnamePipelines']
2020-01-12 13:15:16 [scrapy.core.engine] INFO: Spider opened
2020-01-12 13:15:16 [scrapy.extensions.logstats] INFO: Crawled 0 pages (at 0 pages/min), scraped 0 items (at 0 items/min)
2020-01-12 13:15:16 [scrapy.extensions.telnet] INFO: Telnet console listening on 127.0.0.1:6023
2020-01-12 13:15:18 [scrapy.core.scraper] ERROR: Spider error processing <GET http://www.renren.com/SysHome.do?catchaCount=1&failCode=4> (referer: None)
Traceback (most recent call last):
  File "/Users/lwq/Library/Python/3.7/lib/python/site-packages/twisted/internet/defer.py", line 654, in _runCallbacks
    current.result = callback(current.result, *args, **kw)
  File "/Users/lwq/Desktop/Learn/lwscrapy/lwscrapy/lwscrapy/spiders/renren.py", line 19, in login_prase
    with open('login_res.html', 'w', 'utf-8') as ft:
TypeError: an integer is required (got type str)
2020-01-12 13:15:19 [scrapy.core.engine] INFO: Closing spider (finished)
2020-01-12 13:15:19 [scrapy.statscollectors] INFO: Dumping Scrapy stats:
{'downloader/request_bytes': 806,
 'downloader/request_count': 2,
 'downloader/request_method_count/GET': 1,
 'downloader/request_method_count/POST': 1,
 'downloader/response_bytes': 9355,
 'downloader/response_count': 2,
 'downloader/response_status_count/200': 1,
 'downloader/response_status_count/302': 1,
 'elapsed_time_seconds': 2.666156,
 'finish_reason': 'finished',
 'finish_time': datetime.datetime(2020, 1, 12, 5, 15, 19, 3349),
 'log_count/ERROR': 1,
 'log_count/INFO': 10,
 'memusage/max': 56745984,
 'memusage/startup': 56745984,
 'response_received_count': 1,
 'scheduler/dequeued': 2,
 'scheduler/dequeued/memory': 2,
 'scheduler/enqueued': 2,
 'scheduler/enqueued/memory': 2,
 'spider_exceptions/TypeError': 1,
 'start_time': datetime.datetime(2020, 1, 12, 5, 15, 16, 337193)}
2020-01-12 13:15:19 [scrapy.core.engine] INFO: Spider closed (finished)
2020-01-12 13:19:08 [scrapy.utils.log] INFO: Scrapy 1.8.0 started (bot: lwscrapy)
2020-01-12 13:19:08 [scrapy.utils.log] INFO: Versions: lxml 4.4.1.0, libxml2 2.9.9, cssselect 1.1.0, parsel 1.5.2, w3lib 1.21.0, Twisted 19.10.0, Python 3.7.4 (v3.7.4:e09359112e, Jul  8 2019, 14:54:52) - [Clang 6.0 (clang-600.0.57)], pyOpenSSL 19.1.0 (OpenSSL 1.1.1d  10 Sep 2019), cryptography 2.8, Platform Darwin-18.7.0-x86_64-i386-64bit
2020-01-12 13:19:23 [scrapy.utils.log] INFO: Scrapy 1.8.0 started (bot: lwscrapy)
2020-01-12 13:19:23 [scrapy.utils.log] INFO: Versions: lxml 4.4.1.0, libxml2 2.9.9, cssselect 1.1.0, parsel 1.5.2, w3lib 1.21.0, Twisted 19.10.0, Python 3.7.4 (v3.7.4:e09359112e, Jul  8 2019, 14:54:52) - [Clang 6.0 (clang-600.0.57)], pyOpenSSL 19.1.0 (OpenSSL 1.1.1d  10 Sep 2019), cryptography 2.8, Platform Darwin-18.7.0-x86_64-i386-64bit
2020-01-12 13:19:23 [scrapy.crawler] INFO: Overridden settings: {'BOT_NAME': 'lwscrapy', 'CLOSESPIDER_PAGECOUNT': 1000, 'DOWNLOAD_DELAY': 2, 'DUPEFILTER_CLASS': 'scrapy_splash.SplashAwareDupeFilter', 'FEED_EXPORT_ENCODING': 'utf-8', 'HTTPCACHE_STORAGE': 'scrapy_splash.SplashAwareFSCacheStorage', 'LOG_FILE': 'medicaldataspider.log', 'LOG_LEVEL': 'INFO', 'NEWSPIDER_MODULE': 'lwscrapy.spiders', 'SPIDER_MODULES': ['lwscrapy.spiders'], 'USER_AGENT': 'Mozilla/5.0 (Macintosh; Intel Mac OS X 10_10_5) AppleWebKit/537.36 (KHTML, like Gecko) Chrome/55.0.2883.95 Safari/537.36'}
2020-01-12 13:19:23 [scrapy.extensions.telnet] INFO: Telnet Password: 18a527501fb5925d
2020-01-12 13:19:23 [scrapy.middleware] INFO: Enabled extensions:
['scrapy.extensions.corestats.CoreStats',
 'scrapy.extensions.telnet.TelnetConsole',
 'scrapy.extensions.memusage.MemoryUsage',
 'scrapy.extensions.closespider.CloseSpider',
 'scrapy.extensions.logstats.LogStats']
2020-01-12 13:19:23 [scrapy.middleware] INFO: Enabled downloader middlewares:
['scrapy.downloadermiddlewares.httpauth.HttpAuthMiddleware',
 'scrapy.downloadermiddlewares.downloadtimeout.DownloadTimeoutMiddleware',
 'scrapy.downloadermiddlewares.defaultheaders.DefaultHeadersMiddleware',
 'scrapy.downloadermiddlewares.useragent.UserAgentMiddleware',
 'scrapy.downloadermiddlewares.retry.RetryMiddleware',
 'scrapy.downloadermiddlewares.redirect.MetaRefreshMiddleware',
 'scrapy.downloadermiddlewares.redirect.RedirectMiddleware',
 'scrapy.downloadermiddlewares.cookies.CookiesMiddleware',
 'scrapy_splash.SplashCookiesMiddleware',
 'scrapy_splash.SplashMiddleware',
 'scrapy.downloadermiddlewares.httpproxy.HttpProxyMiddleware',
 'scrapy.downloadermiddlewares.httpcompression.HttpCompressionMiddleware',
 'scrapy.downloadermiddlewares.stats.DownloaderStats']
2020-01-12 13:19:23 [scrapy.middleware] INFO: Enabled spider middlewares:
['scrapy.spidermiddlewares.httperror.HttpErrorMiddleware',
 'scrapy_splash.SplashDeduplicateArgsMiddleware',
 'scrapy.spidermiddlewares.offsite.OffsiteMiddleware',
 'scrapy.spidermiddlewares.referer.RefererMiddleware',
 'scrapy.spidermiddlewares.urllength.UrlLengthMiddleware',
 'scrapy.spidermiddlewares.depth.DepthMiddleware']
2020-01-12 13:19:24 [scrapy.middleware] INFO: Enabled item pipelines:
['lwscrapy.pipelines.lwJDPipelines',
 'lwscrapy.pipelines.lwTianMaoPipelines',
 'lwscrapy.pipelines.LwscrapyPipeline',
 'lwscrapy.pipelines.ImagesnamePipelines']
2020-01-12 13:19:24 [scrapy.core.engine] INFO: Spider opened
2020-01-12 13:19:24 [scrapy.extensions.logstats] INFO: Crawled 0 pages (at 0 pages/min), scraped 0 items (at 0 items/min)
2020-01-12 13:19:24 [scrapy.extensions.telnet] INFO: Telnet console listening on 127.0.0.1:6023
2020-01-12 13:19:30 [scrapy.core.scraper] ERROR: Spider error processing <GET http://www.renren.com/519041839> (referer: None)
Traceback (most recent call last):
  File "/Users/lwq/Library/Python/3.7/lib/python/site-packages/twisted/internet/defer.py", line 654, in _runCallbacks
    current.result = callback(current.result, *args, **kw)
  File "/Users/lwq/Desktop/Learn/lwscrapy/lwscrapy/lwscrapy/spiders/renren.py", line 19, in login_prase
    with open('login_res.html', 'w', 'utf-8') as ft:
TypeError: an integer is required (got type str)
2020-01-12 13:19:30 [scrapy.core.engine] INFO: Closing spider (finished)
2020-01-12 13:19:30 [scrapy.statscollectors] INFO: Dumping Scrapy stats:
{'downloader/request_bytes': 1779,
 'downloader/request_count': 3,
 'downloader/request_method_count/GET': 2,
 'downloader/request_method_count/POST': 1,
 'downloader/response_bytes': 15453,
 'downloader/response_count': 3,
 'downloader/response_status_count/200': 1,
 'downloader/response_status_count/302': 2,
 'elapsed_time_seconds': 6.924674,
 'finish_reason': 'finished',
 'finish_time': datetime.datetime(2020, 1, 12, 5, 19, 30, 958463),
 'log_count/ERROR': 1,
 'log_count/INFO': 10,
 'memusage/max': 56778752,
 'memusage/startup': 56778752,
 'response_received_count': 1,
 'scheduler/dequeued': 3,
 'scheduler/dequeued/memory': 3,
 'scheduler/enqueued': 3,
 'scheduler/enqueued/memory': 3,
 'spider_exceptions/TypeError': 1,
 'start_time': datetime.datetime(2020, 1, 12, 5, 19, 24, 33789)}
2020-01-12 13:19:30 [scrapy.core.engine] INFO: Spider closed (finished)
2020-01-12 16:34:24 [scrapy.utils.log] INFO: Scrapy 1.8.0 started (bot: lwscrapy)
2020-01-12 16:34:24 [scrapy.utils.log] INFO: Versions: lxml 4.4.1.0, libxml2 2.9.9, cssselect 1.1.0, parsel 1.5.2, w3lib 1.21.0, Twisted 19.10.0, Python 3.7.4 (v3.7.4:e09359112e, Jul  8 2019, 14:54:52) - [Clang 6.0 (clang-600.0.57)], pyOpenSSL 19.1.0 (OpenSSL 1.1.1d  10 Sep 2019), cryptography 2.8, Platform Darwin-18.7.0-x86_64-i386-64bit
2020-01-12 16:34:24 [scrapy.crawler] INFO: Overridden settings: {'BOT_NAME': 'lwscrapy', 'CLOSESPIDER_PAGECOUNT': 1000, 'DOWNLOAD_DELAY': 2, 'DUPEFILTER_CLASS': 'scrapy_splash.SplashAwareDupeFilter', 'FEED_EXPORT_ENCODING': 'utf-8', 'HTTPCACHE_STORAGE': 'scrapy_splash.SplashAwareFSCacheStorage', 'LOG_FILE': 'medicaldataspider.log', 'LOG_LEVEL': 'INFO', 'NEWSPIDER_MODULE': 'lwscrapy.spiders', 'SPIDER_MODULES': ['lwscrapy.spiders'], 'USER_AGENT': 'Mozilla/5.0 (Macintosh; Intel Mac OS X 10_10_5) AppleWebKit/537.36 (KHTML, like Gecko) Chrome/55.0.2883.95 Safari/537.36'}
2020-01-12 16:34:24 [scrapy.extensions.telnet] INFO: Telnet Password: d07e1758ca285c88
2020-01-12 16:34:24 [scrapy.middleware] INFO: Enabled extensions:
['scrapy.extensions.corestats.CoreStats',
 'scrapy.extensions.telnet.TelnetConsole',
 'scrapy.extensions.memusage.MemoryUsage',
 'scrapy.extensions.closespider.CloseSpider',
 'scrapy.extensions.logstats.LogStats']
2020-01-12 16:34:24 [scrapy.middleware] INFO: Enabled downloader middlewares:
['scrapy.downloadermiddlewares.httpauth.HttpAuthMiddleware',
 'scrapy.downloadermiddlewares.downloadtimeout.DownloadTimeoutMiddleware',
 'scrapy.downloadermiddlewares.defaultheaders.DefaultHeadersMiddleware',
 'scrapy.downloadermiddlewares.useragent.UserAgentMiddleware',
 'scrapy.downloadermiddlewares.retry.RetryMiddleware',
 'scrapy.downloadermiddlewares.redirect.MetaRefreshMiddleware',
 'scrapy.downloadermiddlewares.redirect.RedirectMiddleware',
 'scrapy.downloadermiddlewares.cookies.CookiesMiddleware',
 'scrapy_splash.SplashCookiesMiddleware',
 'scrapy_splash.SplashMiddleware',
 'scrapy.downloadermiddlewares.httpproxy.HttpProxyMiddleware',
 'scrapy.downloadermiddlewares.httpcompression.HttpCompressionMiddleware',
 'scrapy.downloadermiddlewares.stats.DownloaderStats']
2020-01-12 16:34:24 [scrapy.middleware] INFO: Enabled spider middlewares:
['scrapy.spidermiddlewares.httperror.HttpErrorMiddleware',
 'scrapy_splash.SplashDeduplicateArgsMiddleware',
 'scrapy.spidermiddlewares.offsite.OffsiteMiddleware',
 'scrapy.spidermiddlewares.referer.RefererMiddleware',
 'scrapy.spidermiddlewares.urllength.UrlLengthMiddleware',
 'scrapy.spidermiddlewares.depth.DepthMiddleware']
2020-01-12 16:34:24 [scrapy.middleware] INFO: Enabled item pipelines:
['lwscrapy.pipelines.lwJDPipelines',
 'lwscrapy.pipelines.lwTianMaoPipelines',
 'lwscrapy.pipelines.LwscrapyPipeline',
 'lwscrapy.pipelines.ImagesnamePipelines']
2020-01-12 16:34:24 [twisted] CRITICAL: Unhandled error in Deferred:
2020-01-12 16:34:24 [twisted] CRITICAL: 
Traceback (most recent call last):
  File "/Users/lwq/Library/Python/3.7/lib/python/site-packages/twisted/internet/defer.py", line 1418, in _inlineCallbacks
    result = g.send(result)
  File "/Library/Frameworks/Python.framework/Versions/3.7/lib/python3.7/site-packages/scrapy/crawler.py", line 87, in crawl
    start_requests = iter(self.spider.start_requests())
  File "/Users/lwq/Desktop/Learn/lwscrapy/lwscrapy/lwscrapy/spiders/renren.py", line 27, in start_requests
    request = scrapy.Request(url=url, callback=self.res_prase)
  File "/Library/Frameworks/Python.framework/Versions/3.7/lib/python3.7/site-packages/scrapy/http/request/__init__.py", line 26, in __init__
    self._set_url(url)
  File "/Library/Frameworks/Python.framework/Versions/3.7/lib/python3.7/site-packages/scrapy/http/request/__init__.py", line 70, in _set_url
    raise ValueError('Missing scheme in request url: %s' % self._url)
ValueError: Missing scheme in request url: httpbin.org/user-agent
2020-01-12 16:54:22 [scrapy.utils.log] INFO: Scrapy 1.8.0 started (bot: lwscrapy)
2020-01-12 16:54:22 [scrapy.utils.log] INFO: Versions: lxml 4.4.1.0, libxml2 2.9.9, cssselect 1.1.0, parsel 1.5.2, w3lib 1.21.0, Twisted 19.10.0, Python 3.7.4 (v3.7.4:e09359112e, Jul  8 2019, 14:54:52) - [Clang 6.0 (clang-600.0.57)], pyOpenSSL 19.1.0 (OpenSSL 1.1.1d  10 Sep 2019), cryptography 2.8, Platform Darwin-18.7.0-x86_64-i386-64bit
2020-01-12 16:54:22 [scrapy.crawler] INFO: Overridden settings: {'BOT_NAME': 'lwscrapy', 'CLOSESPIDER_PAGECOUNT': 1000, 'DOWNLOAD_DELAY': 2, 'DUPEFILTER_CLASS': 'scrapy_splash.SplashAwareDupeFilter', 'FEED_EXPORT_ENCODING': 'utf-8', 'HTTPCACHE_STORAGE': 'scrapy_splash.SplashAwareFSCacheStorage', 'LOGSTATS_INTERVAL': 0, 'LOG_FILE': 'medicaldataspider.log', 'LOG_LEVEL': 'INFO', 'NEWSPIDER_MODULE': 'lwscrapy.spiders', 'SPIDER_MODULES': ['lwscrapy.spiders'], 'USER_AGENT': 'Mozilla/5.0 (Macintosh; Intel Mac OS X 10_10_5) AppleWebKit/537.36 (KHTML, like Gecko) Chrome/55.0.2883.95 Safari/537.36'}
2020-01-12 16:54:22 [scrapy.extensions.telnet] INFO: Telnet Password: 9e1388cc1e8f022c
2020-01-12 16:54:22 [scrapy.middleware] INFO: Enabled extensions:
['scrapy.extensions.corestats.CoreStats',
 'scrapy.extensions.telnet.TelnetConsole',
 'scrapy.extensions.memusage.MemoryUsage',
 'scrapy.extensions.closespider.CloseSpider']
2020-01-12 16:54:22 [scrapy.middleware] INFO: Enabled downloader middlewares:
['scrapy.downloadermiddlewares.httpauth.HttpAuthMiddleware',
 'scrapy.downloadermiddlewares.downloadtimeout.DownloadTimeoutMiddleware',
 'scrapy.downloadermiddlewares.defaultheaders.DefaultHeadersMiddleware',
 'scrapy.downloadermiddlewares.useragent.UserAgentMiddleware',
 'scrapy.downloadermiddlewares.retry.RetryMiddleware',
 'scrapy.downloadermiddlewares.redirect.MetaRefreshMiddleware',
 'scrapy.downloadermiddlewares.redirect.RedirectMiddleware',
 'scrapy.downloadermiddlewares.cookies.CookiesMiddleware',
 'scrapy_splash.SplashCookiesMiddleware',
 'scrapy_splash.SplashMiddleware',
 'scrapy.downloadermiddlewares.httpproxy.HttpProxyMiddleware',
 'scrapy.downloadermiddlewares.httpcompression.HttpCompressionMiddleware',
 'scrapy.downloadermiddlewares.stats.DownloaderStats']
2020-01-12 16:54:22 [scrapy.middleware] INFO: Enabled spider middlewares:
['scrapy.spidermiddlewares.httperror.HttpErrorMiddleware',
 'scrapy_splash.SplashDeduplicateArgsMiddleware',
 'scrapy.spidermiddlewares.offsite.OffsiteMiddleware',
 'scrapy.spidermiddlewares.referer.RefererMiddleware',
 'scrapy.spidermiddlewares.urllength.UrlLengthMiddleware',
 'scrapy.spidermiddlewares.depth.DepthMiddleware']
2020-01-12 16:54:22 [scrapy.middleware] INFO: Enabled item pipelines:
['lwscrapy.pipelines.lwJDPipelines',
 'lwscrapy.pipelines.lwTianMaoPipelines',
 'lwscrapy.pipelines.LwscrapyPipeline',
 'lwscrapy.pipelines.ImagesnamePipelines']
2020-01-12 16:54:22 [scrapy.extensions.telnet] INFO: Telnet console listening on 127.0.0.1:6023
2020-01-12 16:55:16 [scrapy.utils.log] INFO: Scrapy 1.8.0 started (bot: lwscrapy)
2020-01-12 16:55:16 [scrapy.utils.log] INFO: Versions: lxml 4.4.1.0, libxml2 2.9.9, cssselect 1.1.0, parsel 1.5.2, w3lib 1.21.0, Twisted 19.10.0, Python 3.7.4 (v3.7.4:e09359112e, Jul  8 2019, 14:54:52) - [Clang 6.0 (clang-600.0.57)], pyOpenSSL 19.1.0 (OpenSSL 1.1.1d  10 Sep 2019), cryptography 2.8, Platform Darwin-18.7.0-x86_64-i386-64bit
2020-01-12 16:55:16 [scrapy.crawler] INFO: Overridden settings: {'BOT_NAME': 'lwscrapy', 'CLOSESPIDER_PAGECOUNT': 1000, 'DOWNLOAD_DELAY': 2, 'DUPEFILTER_CLASS': 'scrapy_splash.SplashAwareDupeFilter', 'FEED_EXPORT_ENCODING': 'utf-8', 'HTTPCACHE_STORAGE': 'scrapy_splash.SplashAwareFSCacheStorage', 'LOGSTATS_INTERVAL': 0, 'LOG_FILE': 'medicaldataspider.log', 'LOG_LEVEL': 'INFO', 'NEWSPIDER_MODULE': 'lwscrapy.spiders', 'SPIDER_MODULES': ['lwscrapy.spiders'], 'USER_AGENT': 'Mozilla/5.0 (Macintosh; Intel Mac OS X 10_10_5) AppleWebKit/537.36 (KHTML, like Gecko) Chrome/55.0.2883.95 Safari/537.36'}
2020-01-12 16:55:16 [scrapy.extensions.telnet] INFO: Telnet Password: ab593628deb67269
2020-01-12 16:55:16 [scrapy.middleware] INFO: Enabled extensions:
['scrapy.extensions.corestats.CoreStats',
 'scrapy.extensions.telnet.TelnetConsole',
 'scrapy.extensions.memusage.MemoryUsage',
 'scrapy.extensions.closespider.CloseSpider']
2020-01-12 16:55:16 [scrapy.middleware] INFO: Enabled downloader middlewares:
['scrapy.downloadermiddlewares.httpauth.HttpAuthMiddleware',
 'scrapy.downloadermiddlewares.downloadtimeout.DownloadTimeoutMiddleware',
 'scrapy.downloadermiddlewares.defaultheaders.DefaultHeadersMiddleware',
 'scrapy.downloadermiddlewares.useragent.UserAgentMiddleware',
 'scrapy.downloadermiddlewares.retry.RetryMiddleware',
 'scrapy.downloadermiddlewares.redirect.MetaRefreshMiddleware',
 'scrapy.downloadermiddlewares.redirect.RedirectMiddleware',
 'scrapy.downloadermiddlewares.cookies.CookiesMiddleware',
 'scrapy_splash.SplashCookiesMiddleware',
 'scrapy_splash.SplashMiddleware',
 'scrapy.downloadermiddlewares.httpproxy.HttpProxyMiddleware',
 'scrapy.downloadermiddlewares.httpcompression.HttpCompressionMiddleware',
 'scrapy.downloadermiddlewares.stats.DownloaderStats']
2020-01-12 16:55:16 [scrapy.middleware] INFO: Enabled spider middlewares:
['scrapy.spidermiddlewares.httperror.HttpErrorMiddleware',
 'scrapy_splash.SplashDeduplicateArgsMiddleware',
 'scrapy.spidermiddlewares.offsite.OffsiteMiddleware',
 'scrapy.spidermiddlewares.referer.RefererMiddleware',
 'scrapy.spidermiddlewares.urllength.UrlLengthMiddleware',
 'scrapy.spidermiddlewares.depth.DepthMiddleware']
2020-01-12 16:55:16 [scrapy.middleware] INFO: Enabled item pipelines:
['lwscrapy.pipelines.lwJDPipelines',
 'lwscrapy.pipelines.lwTianMaoPipelines',
 'lwscrapy.pipelines.LwscrapyPipeline',
 'lwscrapy.pipelines.ImagesnamePipelines']
2020-01-12 16:55:16 [scrapy.extensions.telnet] INFO: Telnet console listening on 127.0.0.1:6023
2020-01-12 16:55:16 [scrapy.core.engine] INFO: Spider opened
2020-01-12 16:55:16 [py.warnings] WARNING: /Library/Frameworks/Python.framework/Versions/3.7/lib/python3.7/site-packages/scrapy/spidermiddlewares/offsite.py:61: URLWarning: allowed_domains accepts only domains, not URLs. Ignoring URL entry http://xs3.op.xywy.com in allowed_domains.
  warnings.warn(message, URLWarning)

